#Data tag : v1 , Norm tag: onlineresult
+-------------+-------------------+------+------+----------------+---------------+
| run:fill    | time              | nls  | ncms | delivered(/fb) | recorded(/fb) |
+-------------+-------------------+------+------+----------------+---------------+
| 276315:5072 | 07/04/16 11:19:05 | 176  | 176  | 0.033          | 0.031         |
| 276317:5072 | 07/04/16 12:33:38 | 136  | 136  | 0.025          | 0.024         |
| 276318:5072 | 07/04/16 13:30:32 | 566  | 566  | 0.093          | 0.089         |
| 276355:5073 | 07/04/16 21:39:48 | 33   | 33   | 0.006          | 0.006         |
| 276361:5073 | 07/04/16 22:36:17 | 824  | 824  | 0.142          | 0.136         |
| 276363:5073 | 07/05/16 04:07:36 | 1478 | 1478 | 0.198          | 0.190         |
| 276384:5073 | 07/05/16 13:47:06 | 1116 | 1116 | 0.116          | 0.112         |
| 276437:5076 | 07/06/16 02:58:47 | 2125 | 2125 | 0.343          | 0.330         |
| 276454:5076 | 07/06/16 18:08:16 | 527  | 527  | 0.063          | 0.061         |
| 276458:5076 | 07/07/16 02:00:22 | 341  | 341  | 0.032          | 0.032         |
| 276495:5078 | 07/07/16 11:20:58 | 182  | 182  | 0.042          | 0.040         |
| 276501:5078 | 07/07/16 12:47:40 | 2543 | 2543 | 0.434          | 0.418         |
| 276502:5078 | 07/08/16 05:21:18 | 740  | 740  | 0.091          | 0.088         |
| 276525:5080 | 07/08/16 14:15:18 | 2786 | 2786 | 0.433          | 0.419         |
| 276527:5080 | 07/09/16 08:34:42 | 214  | 214  | 0.024          | 0.023         |
| 276528:5080 | 07/09/16 10:01:49 | 391  | 391  | 0.041          | 0.039         |
| 276542:5083 | 07/09/16 16:32:23 | 784  | 784  | 0.163          | 0.155         |
| 276543:5083 | 07/09/16 21:39:41 | 948  | 948  | 0.160          | 0.154         |
| 276544:5083 | 07/10/16 03:53:47 | 160  | 160  | 0.024          | 0.023         |
| 276545:5083 | 07/10/16 04:59:25 | 206  | 206  | 0.029          | 0.028         |
| 276581:5085 | 07/10/16 12:24:16 | 366  | 366  | 0.081          | 0.077         |
| 276582:5085 | 07/10/16 14:52:29 | 871  | 871  | 0.162          | 0.157         |
| 276583:5085 | 07/10/16 20:34:29 | 52   | 52   | 0.009          | 0.008         |
| 276584:5085 | 07/10/16 20:59:18 | 2    | 2    | 0.000          | 0.000         |
| 276585:5085 | 07/10/16 21:31:21 | 242  | 242  | 0.038          | 0.036         |
| 276586:5085 | 07/10/16 23:10:32 | 751  | 751  | 0.104          | 0.101         |
| 276587:5085 | 07/11/16 04:13:22 | 1006 | 1006 | 0.115          | 0.111         |
| 276653:5091 | 07/12/16 00:12:31 | 479  | 479  | 0.094          | 0.090         |
| 276655:5091 | 07/12/16 03:26:27 | 1105 | 1105 | 0.179          | 0.168         |
| 276659:5091 | 07/12/16 10:39:14 | 251  | 251  | 0.034          | 0.031         |
| 276775:5093 | 07/12/16 21:26:20 | 1165 | 1165 | 0.222          | 0.211         |
| 276776:5093 | 07/13/16 05:02:29 | 1823 | 1823 | 0.247          | 0.239         |
| 276794:5093 | 07/13/16 17:05:19 | 885  | 885  | 0.090          | 0.088         |
| 276807:5095 | 07/14/16 03:24:10 | 155  | 155  | 0.033          | 0.031         |
| 276808:5095 | 07/14/16 04:28:59 | 875  | 875  | 0.167          | 0.160         |
| 276810:5095 | 07/14/16 10:15:45 | 287  | 287  | 0.047          | 0.045         |
| 276811:5095 | 07/14/16 12:15:34 | 2562 | 2562 | 0.314          | 0.304         |
+-------------+-------------------+------+------+----------------+---------------+
#Summary: 
+-------+------+-------+-------+-------------------+------------------+
| nfill | nrun | nls   | ncms  | totdelivered(/fb) | totrecorded(/fb) |
+-------+------+-------+-------+-------------------+------------------+
| 10    | 37   | 29153 | 29153 | 4.424             | 4.256            |
+-------+------+-------+-------+-------------------+------------------+

#Check JSON:
#(run,ls) in json but not in results: []
